<?xml version="1.0" encoding="UTF-8"?>
<testng-results ignored="0" total="1" passed="1" failed="0" skipped="0">
  <reporter-output>
  </reporter-output>
  <suite started-at="2025-06-20T15:43:51 IST" name="Default suite" finished-at="2025-06-20T15:43:58 IST" duration-ms="7086">
    <groups>
    </groups>
    <test started-at="2025-06-20T15:43:51 IST" name="Default test" finished-at="2025-06-20T15:43:58 IST" duration-ms="7086">
      <class name="com.appium.project.gallery">
        <test-method signature="testName()[pri:0, instance:com.appium.project.gallery@765d7657]" started-at="2025-06-20T15:43:51 IST" name="testName" finished-at="2025-06-20T15:43:58 IST" duration-ms="7015" status="PASS">
          <reporter-output>
          </reporter-output>
        </test-method> <!-- testName -->
      </class> <!-- com.appium.project.gallery -->
    </test> <!-- Default test -->
  </suite> <!-- Default suite -->
</testng-results>
